<?xml version="1.0" encoding="UTF-8"?>
<testsuite name="ru.saiushev.testserviceforalphaank.integration.IntegrationTest" tests="2" skipped="0" failures="0" errors="0" timestamp="2021-12-22T19:50:55" hostname="LAPTOP-60NTKH33" time="2.86">
  <properties/>
  <testcase name="should return rich gif()" classname="ru.saiushev.testserviceforalphaank.integration.IntegrationTest" time="2.239"/>
  <testcase name="should return broke gif()" classname="ru.saiushev.testserviceforalphaank.integration.IntegrationTest" time="0.588"/>
  <system-out><![CDATA[2021-12-22 22:50:51.764  INFO 14996 --- [    Test worker] .b.t.c.SpringBootTestContextBootstrapper : Neither @ContextConfiguration nor @ContextHierarchy found for test class [ru.saiushev.testserviceforalphaank.integration.IntegrationTest], using SpringBootContextLoader
2021-12-22 22:50:51.767  INFO 14996 --- [    Test worker] o.s.t.c.support.AbstractContextLoader    : Could not detect default resource locations for test class [ru.saiushev.testserviceforalphaank.integration.IntegrationTest]: no resource found for suffixes {-context.xml, Context.groovy}.
2021-12-22 22:50:51.769  INFO 14996 --- [    Test worker] t.c.s.AnnotationConfigContextLoaderUtils : Could not detect default configuration classes for test class [ru.saiushev.testserviceforalphaank.integration.IntegrationTest]: IntegrationTest does not declare any static, non-private, non-final, nested classes annotated with @Configuration.
2021-12-22 22:50:51.811  INFO 14996 --- [    Test worker] .b.t.c.SpringBootTestContextBootstrapper : Found @SpringBootConfiguration ru.saiushev.testserviceforalphaank.TestServiceForAlphaankApplication for test class ru.saiushev.testserviceforalphaank.integration.IntegrationTest
2021-12-22 22:50:51.815  INFO 14996 --- [    Test worker] .b.t.c.SpringBootTestContextBootstrapper : Loaded default TestExecutionListener class names from location [META-INF/spring.factories]: [org.springframework.boot.test.autoconfigure.restdocs.RestDocsTestExecutionListener, org.springframework.boot.test.autoconfigure.web.client.MockRestServiceServerResetTestExecutionListener, org.springframework.boot.test.autoconfigure.web.servlet.MockMvcPrintOnlyOnFailureTestExecutionListener, org.springframework.boot.test.autoconfigure.web.servlet.WebDriverTestExecutionListener, org.springframework.boot.test.autoconfigure.webservices.client.MockWebServiceServerTestExecutionListener, org.springframework.boot.test.mock.mockito.MockitoTestExecutionListener, org.springframework.boot.test.mock.mockito.ResetMocksTestExecutionListener, org.springframework.test.context.web.ServletTestExecutionListener, org.springframework.test.context.support.DirtiesContextBeforeModesTestExecutionListener, org.springframework.test.context.event.ApplicationEventsTestExecutionListener, org.springframework.test.context.support.DependencyInjectionTestExecutionListener, org.springframework.test.context.support.DirtiesContextTestExecutionListener, org.springframework.test.context.transaction.TransactionalTestExecutionListener, org.springframework.test.context.jdbc.SqlScriptsTestExecutionListener, org.springframework.test.context.event.EventPublishingTestExecutionListener]
2021-12-22 22:50:51.817  INFO 14996 --- [    Test worker] .b.t.c.SpringBootTestContextBootstrapper : Using TestExecutionListeners: [org.springframework.test.context.web.ServletTestExecutionListener@5cbe95b1, org.springframework.test.context.support.DirtiesContextBeforeModesTestExecutionListener@28fa541, org.springframework.test.context.event.ApplicationEventsTestExecutionListener@5a82bc58, org.springframework.boot.test.mock.mockito.MockitoTestExecutionListener@4aab7195, org.springframework.boot.test.autoconfigure.SpringBootDependencyInjectionTestExecutionListener@6210666c, org.springframework.test.context.support.DirtiesContextTestExecutionListener@1dca62c2, org.springframework.test.context.event.EventPublishingTestExecutionListener@52657d5f, org.springframework.boot.test.autoconfigure.restdocs.RestDocsTestExecutionListener@43d3995f, org.springframework.boot.test.autoconfigure.web.client.MockRestServiceServerResetTestExecutionListener@2211b44f, org.springframework.boot.test.autoconfigure.web.servlet.MockMvcPrintOnlyOnFailureTestExecutionListener@6c830ebd, org.springframework.boot.test.autoconfigure.web.servlet.WebDriverTestExecutionListener@15f519f7, org.springframework.boot.test.autoconfigure.webservices.client.MockWebServiceServerTestExecutionListener@4a336377, org.springframework.boot.test.mock.mockito.ResetMocksTestExecutionListener@65af05b2]

  .   ____          _            __ _ _
 /\\ / ___'_ __ _ _(_)_ __  __ _ \ \ \ \
( ( )\___ | '_ | '_| | '_ \/ _` | \ \ \ \
 \\/  ___)| |_)| | | | | || (_| |  ) ) ) )
  '  |____| .__|_| |_|_| |_\__, | / / / /
 =========|_|==============|___/=/_/_/_/
 :: Spring Boot ::                (v2.6.1)

2021-12-22 22:50:52.068  INFO 14996 --- [    Test worker] r.s.t.integration.IntegrationTest        : Starting IntegrationTest using Java 16.0.2 on LAPTOP-60NTKH33 with PID 14996 (started by sayus in C:\Users\sayus\Desktop\Projects\test-service-for-alphaank)
2021-12-22 22:50:52.069  INFO 14996 --- [    Test worker] r.s.t.integration.IntegrationTest        : No active profile set, falling back to default profiles: default
2021-12-22 22:50:52.544  INFO 14996 --- [    Test worker] o.s.cloud.context.scope.GenericScope     : BeanFactory id=4b595d2c-7d18-35bd-a231-cd323ceb5454
2021-12-22 22:50:53.268  INFO 14996 --- [    Test worker] o.s.b.w.embedded.tomcat.TomcatWebServer  : Tomcat initialized with port(s): 0 (http)
2021-12-22 22:50:53.288  INFO 14996 --- [    Test worker] o.apache.catalina.core.StandardService   : Starting service [Tomcat]
2021-12-22 22:50:53.289  INFO 14996 --- [    Test worker] org.apache.catalina.core.StandardEngine  : Starting Servlet engine: [Apache Tomcat/9.0.55]
2021-12-22 22:50:53.573  INFO 14996 --- [    Test worker] o.a.c.c.C.[Tomcat].[localhost].[/]       : Initializing Spring embedded WebApplicationContext
2021-12-22 22:50:53.574  INFO 14996 --- [    Test worker] w.s.c.ServletWebServerApplicationContext : Root WebApplicationContext: initialization completed in 1500 ms
2021-12-22 22:50:54.560  INFO 14996 --- [    Test worker] o.a.c.c.C.[Tomcat].[localhost].[/]       : Initializing Spring TestDispatcherServlet ''
2021-12-22 22:50:54.560  INFO 14996 --- [    Test worker] o.s.t.web.servlet.TestDispatcherServlet  : Initializing Servlet ''
2021-12-22 22:50:54.563  INFO 14996 --- [    Test worker] o.s.t.web.servlet.TestDispatcherServlet  : Completed initialization in 3 ms
2021-12-22 22:50:55.298  INFO 14996 --- [    Test worker] o.s.b.w.embedded.tomcat.TomcatWebServer  : Tomcat started on port(s): 62970 (http) with context path ''
2021-12-22 22:50:55.473  INFO 14996 --- [    Test worker] r.s.t.integration.IntegrationTest        : Started IntegrationTest in 3.639 seconds (JVM running for 12.944)
2021-12-22 22:50:55.987  INFO 14996 --- [o-auto-1-exec-1] o.a.c.c.C.[Tomcat].[localhost].[/]       : Initializing Spring DispatcherServlet 'dispatcherServlet'
2021-12-22 22:50:55.987  INFO 14996 --- [o-auto-1-exec-1] o.s.web.servlet.DispatcherServlet        : Initializing Servlet 'dispatcherServlet'
2021-12-22 22:50:55.989  INFO 14996 --- [o-auto-1-exec-1] o.s.web.servlet.DispatcherServlet        : Completed initialization in 1 ms
]]></system-out>
  <system-err><![CDATA[]]></system-err>
</testsuite>
