<?xml version="1.0" encoding="UTF-8"?>
<testsuite name="ru.saiushev.testserviceforalphaank.unit.GifServiceTest" tests="2" skipped="0" failures="0" errors="0" timestamp="2021-12-22T19:51:00" hostname="LAPTOP-60NTKH33" time="1.156">
  <properties/>
  <testcase name="Rich()" classname="ru.saiushev.testserviceforalphaank.unit.GifServiceTest" time="0.68"/>
  <testcase name="Broke()" classname="ru.saiushev.testserviceforalphaank.unit.GifServiceTest" time="0.467"/>
  <system-out><![CDATA[2021-12-22 22:50:58.686  INFO 14996 --- [    Test worker] .b.t.c.SpringBootTestContextBootstrapper : Neither @ContextConfiguration nor @ContextHierarchy found for test class [ru.saiushev.testserviceforalphaank.unit.GifServiceTest], using SpringBootContextLoader
2021-12-22 22:50:58.689  INFO 14996 --- [    Test worker] o.s.t.c.support.AbstractContextLoader    : Could not detect default resource locations for test class [ru.saiushev.testserviceforalphaank.unit.GifServiceTest]: no resource found for suffixes {-context.xml, Context.groovy}.
2021-12-22 22:50:58.690  INFO 14996 --- [    Test worker] t.c.s.AnnotationConfigContextLoaderUtils : Could not detect default configuration classes for test class [ru.saiushev.testserviceforalphaank.unit.GifServiceTest]: GifServiceTest does not declare any static, non-private, non-final, nested classes annotated with @Configuration.
2021-12-22 22:50:58.694  INFO 14996 --- [    Test worker] .b.t.c.SpringBootTestContextBootstrapper : Found @SpringBootConfiguration ru.saiushev.testserviceforalphaank.TestServiceForAlphaankApplication for test class ru.saiushev.testserviceforalphaank.unit.GifServiceTest
2021-12-22 22:50:58.700  INFO 14996 --- [    Test worker] .b.t.c.SpringBootTestContextBootstrapper : Loaded default TestExecutionListener class names from location [META-INF/spring.factories]: [org.springframework.boot.test.autoconfigure.restdocs.RestDocsTestExecutionListener, org.springframework.boot.test.autoconfigure.web.client.MockRestServiceServerResetTestExecutionListener, org.springframework.boot.test.autoconfigure.web.servlet.MockMvcPrintOnlyOnFailureTestExecutionListener, org.springframework.boot.test.autoconfigure.web.servlet.WebDriverTestExecutionListener, org.springframework.boot.test.autoconfigure.webservices.client.MockWebServiceServerTestExecutionListener, org.springframework.boot.test.mock.mockito.MockitoTestExecutionListener, org.springframework.boot.test.mock.mockito.ResetMocksTestExecutionListener, org.springframework.test.context.web.ServletTestExecutionListener, org.springframework.test.context.support.DirtiesContextBeforeModesTestExecutionListener, org.springframework.test.context.event.ApplicationEventsTestExecutionListener, org.springframework.test.context.support.DependencyInjectionTestExecutionListener, org.springframework.test.context.support.DirtiesContextTestExecutionListener, org.springframework.test.context.transaction.TransactionalTestExecutionListener, org.springframework.test.context.jdbc.SqlScriptsTestExecutionListener, org.springframework.test.context.event.EventPublishingTestExecutionListener]
2021-12-22 22:50:58.704  INFO 14996 --- [    Test worker] .b.t.c.SpringBootTestContextBootstrapper : Using TestExecutionListeners: [org.springframework.test.context.web.ServletTestExecutionListener@65a66a75, org.springframework.test.context.support.DirtiesContextBeforeModesTestExecutionListener@5a07ae2f, org.springframework.test.context.event.ApplicationEventsTestExecutionListener@78829412, org.springframework.boot.test.mock.mockito.MockitoTestExecutionListener@3ba8ef4e, org.springframework.boot.test.autoconfigure.SpringBootDependencyInjectionTestExecutionListener@6d0bcf8c, org.springframework.test.context.support.DirtiesContextTestExecutionListener@a1a72d4, org.springframework.test.context.event.EventPublishingTestExecutionListener@66d44581, org.springframework.boot.test.autoconfigure.restdocs.RestDocsTestExecutionListener@1afa048a, org.springframework.boot.test.autoconfigure.web.client.MockRestServiceServerResetTestExecutionListener@293ecff6, org.springframework.boot.test.autoconfigure.web.servlet.MockMvcPrintOnlyOnFailureTestExecutionListener@70eb94d7, org.springframework.boot.test.autoconfigure.web.servlet.WebDriverTestExecutionListener@34d72f06, org.springframework.boot.test.autoconfigure.webservices.client.MockWebServiceServerTestExecutionListener@7e43b342, org.springframework.boot.test.mock.mockito.ResetMocksTestExecutionListener@21dd9203]

  .   ____          _            __ _ _
 /\\ / ___'_ __ _ _(_)_ __  __ _ \ \ \ \
( ( )\___ | '_ | '_| | '_ \/ _` | \ \ \ \
 \\/  ___)| |_)| | | | | || (_| |  ) ) ) )
  '  |____| .__|_| |_|_| |_\__, | / / / /
 =========|_|==============|___/=/_/_/_/
 :: Spring Boot ::                (v2.6.1)

2021-12-22 22:50:58.982  INFO 14996 --- [    Test worker] r.s.t.unit.GifServiceTest                : Starting GifServiceTest using Java 16.0.2 on LAPTOP-60NTKH33 with PID 14996 (started by sayus in C:\Users\sayus\Desktop\Projects\test-service-for-alphaank)
2021-12-22 22:50:58.982  INFO 14996 --- [    Test worker] r.s.t.unit.GifServiceTest                : No active profile set, falling back to default profiles: default
2021-12-22 22:50:59.305  INFO 14996 --- [    Test worker] o.s.cloud.context.scope.GenericScope     : BeanFactory id=09ed76ae-7f24-364f-8ccc-1582ec11debb
2021-12-22 22:51:00.353  INFO 14996 --- [    Test worker] r.s.t.unit.GifServiceTest                : Started GifServiceTest in 1.638 seconds (JVM running for 17.824)
]]></system-out>
  <system-err><![CDATA[]]></system-err>
</testsuite>
