<?xml version="1.0" encoding="UTF-8"?>
<testsuite name="ru.saiushev.testserviceforalphaank.TestServiceForAlphaankApplicationTests" tests="1" skipped="0" failures="0" errors="0" timestamp="2021-12-22T19:50:50" hostname="LAPTOP-60NTKH33" time="0.988">
  <properties/>
  <testcase name="contextLoads()" classname="ru.saiushev.testserviceforalphaank.TestServiceForAlphaankApplicationTests" time="0.988"/>
  <system-out><![CDATA[22:50:44.482 [Test worker] DEBUG org.springframework.test.context.BootstrapUtils - Instantiating CacheAwareContextLoaderDelegate from class [org.springframework.test.context.cache.DefaultCacheAwareContextLoaderDelegate]
22:50:44.533 [Test worker] DEBUG org.springframework.test.context.BootstrapUtils - Instantiating BootstrapContext using constructor [public org.springframework.test.context.support.DefaultBootstrapContext(java.lang.Class,org.springframework.test.context.CacheAwareContextLoaderDelegate)]
22:50:44.683 [Test worker] DEBUG org.springframework.test.context.BootstrapUtils - Instantiating TestContextBootstrapper for test class [ru.saiushev.testserviceforalphaank.TestServiceForAlphaankApplicationTests] from class [org.springframework.boot.test.context.SpringBootTestContextBootstrapper]
22:50:44.717 [Test worker] INFO org.springframework.boot.test.context.SpringBootTestContextBootstrapper - Neither @ContextConfiguration nor @ContextHierarchy found for test class [ru.saiushev.testserviceforalphaank.TestServiceForAlphaankApplicationTests], using SpringBootContextLoader
22:50:44.726 [Test worker] DEBUG org.springframework.test.context.support.AbstractContextLoader - Did not detect default resource location for test class [ru.saiushev.testserviceforalphaank.TestServiceForAlphaankApplicationTests]: class path resource [ru/saiushev/testserviceforalphaank/TestServiceForAlphaankApplicationTests-context.xml] does not exist
22:50:44.728 [Test worker] DEBUG org.springframework.test.context.support.AbstractContextLoader - Did not detect default resource location for test class [ru.saiushev.testserviceforalphaank.TestServiceForAlphaankApplicationTests]: class path resource [ru/saiushev/testserviceforalphaank/TestServiceForAlphaankApplicationTestsContext.groovy] does not exist
22:50:44.728 [Test worker] INFO org.springframework.test.context.support.AbstractContextLoader - Could not detect default resource locations for test class [ru.saiushev.testserviceforalphaank.TestServiceForAlphaankApplicationTests]: no resource found for suffixes {-context.xml, Context.groovy}.
22:50:44.729 [Test worker] INFO org.springframework.test.context.support.AnnotationConfigContextLoaderUtils - Could not detect default configuration classes for test class [ru.saiushev.testserviceforalphaank.TestServiceForAlphaankApplicationTests]: TestServiceForAlphaankApplicationTests does not declare any static, non-private, non-final, nested classes annotated with @Configuration.
22:50:44.832 [Test worker] DEBUG org.springframework.test.context.support.ActiveProfilesUtils - Could not find an 'annotation declaring class' for annotation type [org.springframework.test.context.ActiveProfiles] and class [ru.saiushev.testserviceforalphaank.TestServiceForAlphaankApplicationTests]
22:50:44.952 [Test worker] DEBUG org.springframework.context.annotation.ClassPathScanningCandidateComponentProvider - Identified candidate component class: file [C:\Users\sayus\Desktop\Projects\test-service-for-alphaank\build\classes\kotlin\main\ru\saiushev\testserviceforalphaank\TestServiceForAlphaankApplication.class]
22:50:44.955 [Test worker] INFO org.springframework.boot.test.context.SpringBootTestContextBootstrapper - Found @SpringBootConfiguration ru.saiushev.testserviceforalphaank.TestServiceForAlphaankApplication for test class ru.saiushev.testserviceforalphaank.TestServiceForAlphaankApplicationTests
22:50:45.172 [Test worker] DEBUG org.springframework.boot.test.context.SpringBootTestContextBootstrapper - @TestExecutionListeners is not present for class [ru.saiushev.testserviceforalphaank.TestServiceForAlphaankApplicationTests]: using defaults.
22:50:45.174 [Test worker] INFO org.springframework.boot.test.context.SpringBootTestContextBootstrapper - Loaded default TestExecutionListener class names from location [META-INF/spring.factories]: [org.springframework.boot.test.autoconfigure.restdocs.RestDocsTestExecutionListener, org.springframework.boot.test.autoconfigure.web.client.MockRestServiceServerResetTestExecutionListener, org.springframework.boot.test.autoconfigure.web.servlet.MockMvcPrintOnlyOnFailureTestExecutionListener, org.springframework.boot.test.autoconfigure.web.servlet.WebDriverTestExecutionListener, org.springframework.boot.test.autoconfigure.webservices.client.MockWebServiceServerTestExecutionListener, org.springframework.boot.test.mock.mockito.MockitoTestExecutionListener, org.springframework.boot.test.mock.mockito.ResetMocksTestExecutionListener, org.springframework.test.context.web.ServletTestExecutionListener, org.springframework.test.context.support.DirtiesContextBeforeModesTestExecutionListener, org.springframework.test.context.event.ApplicationEventsTestExecutionListener, org.springframework.test.context.support.DependencyInjectionTestExecutionListener, org.springframework.test.context.support.DirtiesContextTestExecutionListener, org.springframework.test.context.transaction.TransactionalTestExecutionListener, org.springframework.test.context.jdbc.SqlScriptsTestExecutionListener, org.springframework.test.context.event.EventPublishingTestExecutionListener]
22:50:45.201 [Test worker] DEBUG org.springframework.boot.test.context.SpringBootTestContextBootstrapper - Skipping candidate TestExecutionListener [org.springframework.test.context.transaction.TransactionalTestExecutionListener] due to a missing dependency. Specify custom listener classes or make the default listener classes and their required dependencies available. Offending class: [org/springframework/transaction/interceptor/TransactionAttributeSource]
22:50:45.202 [Test worker] DEBUG org.springframework.boot.test.context.SpringBootTestContextBootstrapper - Skipping candidate TestExecutionListener [org.springframework.test.context.jdbc.SqlScriptsTestExecutionListener] due to a missing dependency. Specify custom listener classes or make the default listener classes and their required dependencies available. Offending class: [org/springframework/transaction/interceptor/TransactionAttribute]
22:50:45.203 [Test worker] INFO org.springframework.boot.test.context.SpringBootTestContextBootstrapper - Using TestExecutionListeners: [org.springframework.test.context.web.ServletTestExecutionListener@7b139eab, org.springframework.test.context.support.DirtiesContextBeforeModesTestExecutionListener@4e76dac, org.springframework.test.context.event.ApplicationEventsTestExecutionListener@611df6e3, org.springframework.boot.test.mock.mockito.MockitoTestExecutionListener@5f2f577, org.springframework.boot.test.autoconfigure.SpringBootDependencyInjectionTestExecutionListener@6273c5a4, org.springframework.test.context.support.DirtiesContextTestExecutionListener@5d465e4b, org.springframework.test.context.event.EventPublishingTestExecutionListener@53e211ee, org.springframework.boot.test.autoconfigure.restdocs.RestDocsTestExecutionListener@41a90fa8, org.springframework.boot.test.autoconfigure.web.client.MockRestServiceServerResetTestExecutionListener@3d8bbcdc, org.springframework.boot.test.autoconfigure.web.servlet.MockMvcPrintOnlyOnFailureTestExecutionListener@52500920, org.springframework.boot.test.autoconfigure.web.servlet.WebDriverTestExecutionListener@117e0fe5, org.springframework.boot.test.autoconfigure.webservices.client.MockWebServiceServerTestExecutionListener@18a3962d, org.springframework.boot.test.mock.mockito.ResetMocksTestExecutionListener@78aea4b9]
22:50:45.210 [Test worker] DEBUG org.springframework.test.context.support.AbstractDirtiesContextTestExecutionListener - Before test class: context [DefaultTestContext@172ca72b testClass = TestServiceForAlphaankApplicationTests, testInstance = [null], testMethod = [null], testException = [null], mergedContextConfiguration = [WebMergedContextConfiguration@5bda80bf testClass = TestServiceForAlphaankApplicationTests, locations = '{}', classes = '{class ru.saiushev.testserviceforalphaank.TestServiceForAlphaankApplication}', contextInitializerClasses = '[]', activeProfiles = '{}', propertySourceLocations = '{}', propertySourceProperties = '{org.springframework.boot.test.context.SpringBootTestContextBootstrapper=true}', contextCustomizers = set[org.springframework.boot.test.autoconfigure.actuate.metrics.MetricsExportContextCustomizerFactory$DisableMetricExportContextCustomizer@63798ca7, org.springframework.boot.test.autoconfigure.properties.PropertyMappingContextCustomizer@0, org.springframework.boot.test.autoconfigure.web.servlet.WebDriverContextCustomizerFactory$Customizer@6986bbaf, org.springframework.boot.test.context.filter.ExcludeFilterContextCustomizer@74eb909f, org.springframework.boot.test.json.DuplicateJsonObjectContextCustomizerFactory$DuplicateJsonObjectContextCustomizer@2da59753, org.springframework.boot.test.mock.mockito.MockitoContextCustomizer@0, org.springframework.boot.test.web.client.TestRestTemplateContextCustomizer@7a1a3478, org.springframework.boot.test.context.SpringBootTestArgs@1, org.springframework.boot.test.context.SpringBootTestWebEnvironment@7ea9e1e2], resourceBasePath = 'src/main/webapp', contextLoader = 'org.springframework.boot.test.context.SpringBootContextLoader', parent = [null]], attributes = map['org.springframework.test.context.web.ServletTestExecutionListener.activateListener' -> true]], class annotated with @DirtiesContext [false] with mode [null].
22:50:45.317 [Test worker] DEBUG org.springframework.boot.ApplicationServletEnvironment - Activating profiles []
22:50:45.318 [Test worker] DEBUG org.springframework.test.context.support.TestPropertySourceUtils - Adding inlined properties to environment: {spring.jmx.enabled=false, org.springframework.boot.test.context.SpringBootTestContextBootstrapper=true}

  .   ____          _            __ _ _
 /\\ / ___'_ __ _ _(_)_ __  __ _ \ \ \ \
( ( )\___ | '_ | '_| | '_ \/ _` | \ \ \ \
 \\/  ___)| |_)| | | | | || (_| |  ) ) ) )
  '  |____| .__|_| |_|_| |_\__, | / / / /
 =========|_|==============|___/=/_/_/_/
 :: Spring Boot ::                (v2.6.1)

2021-12-22 22:50:46.328  INFO 14996 --- [    Test worker] t.TestServiceForAlphaankApplicationTests : Starting TestServiceForAlphaankApplicationTests using Java 16.0.2 on LAPTOP-60NTKH33 with PID 14996 (started by sayus in C:\Users\sayus\Desktop\Projects\test-service-for-alphaank)
2021-12-22 22:50:46.330  INFO 14996 --- [    Test worker] t.TestServiceForAlphaankApplicationTests : No active profile set, falling back to default profiles: default
2021-12-22 22:50:48.037  INFO 14996 --- [    Test worker] o.s.cloud.context.scope.GenericScope     : BeanFactory id=09ed76ae-7f24-364f-8ccc-1582ec11debb
2021-12-22 22:50:50.667  INFO 14996 --- [    Test worker] t.TestServiceForAlphaankApplicationTests : Started TestServiceForAlphaankApplicationTests in 5.345 seconds (JVM running for 8.137)
]]></system-out>
  <system-err><![CDATA[]]></system-err>
</testsuite>
