<?xml version="1.0" encoding="UTF-8"?>
<testsuite name="ru.saiushev.testserviceforalphaank.unit.CurrencyServiceTest" tests="0" skipped="0" failures="0" errors="0" timestamp="1970-01-01T00:00:00" hostname="LAPTOP-60NTKH33" time="0.0">
  <properties/>
  <system-out><![CDATA[2021-12-22 22:50:58.382  INFO 14996 --- [    Test worker] .b.t.c.SpringBootTestContextBootstrapper : Neither @ContextConfiguration nor @ContextHierarchy found for test class [ru.saiushev.testserviceforalphaank.unit.CurrencyServiceTest], using SpringBootContextLoader
2021-12-22 22:50:58.385  INFO 14996 --- [    Test worker] o.s.t.c.support.AbstractContextLoader    : Could not detect default resource locations for test class [ru.saiushev.testserviceforalphaank.unit.CurrencyServiceTest]: no resource found for suffixes {-context.xml, Context.groovy}.
2021-12-22 22:50:58.386  INFO 14996 --- [    Test worker] t.c.s.AnnotationConfigContextLoaderUtils : Could not detect default configuration classes for test class [ru.saiushev.testserviceforalphaank.unit.CurrencyServiceTest]: CurrencyServiceTest does not declare any static, non-private, non-final, nested classes annotated with @Configuration.
2021-12-22 22:50:58.415  INFO 14996 --- [    Test worker] .b.t.c.SpringBootTestContextBootstrapper : Found @SpringBootConfiguration ru.saiushev.testserviceforalphaank.TestServiceForAlphaankApplication for test class ru.saiushev.testserviceforalphaank.unit.CurrencyServiceTest
2021-12-22 22:50:58.422  INFO 14996 --- [    Test worker] .b.t.c.SpringBootTestContextBootstrapper : Loaded default TestExecutionListener class names from location [META-INF/spring.factories]: [org.springframework.boot.test.autoconfigure.restdocs.RestDocsTestExecutionListener, org.springframework.boot.test.autoconfigure.web.client.MockRestServiceServerResetTestExecutionListener, org.springframework.boot.test.autoconfigure.web.servlet.MockMvcPrintOnlyOnFailureTestExecutionListener, org.springframework.boot.test.autoconfigure.web.servlet.WebDriverTestExecutionListener, org.springframework.boot.test.autoconfigure.webservices.client.MockWebServiceServerTestExecutionListener, org.springframework.boot.test.mock.mockito.MockitoTestExecutionListener, org.springframework.boot.test.mock.mockito.ResetMocksTestExecutionListener, org.springframework.test.context.web.ServletTestExecutionListener, org.springframework.test.context.support.DirtiesContextBeforeModesTestExecutionListener, org.springframework.test.context.event.ApplicationEventsTestExecutionListener, org.springframework.test.context.support.DependencyInjectionTestExecutionListener, org.springframework.test.context.support.DirtiesContextTestExecutionListener, org.springframework.test.context.transaction.TransactionalTestExecutionListener, org.springframework.test.context.jdbc.SqlScriptsTestExecutionListener, org.springframework.test.context.event.EventPublishingTestExecutionListener]
2021-12-22 22:50:58.426  INFO 14996 --- [    Test worker] .b.t.c.SpringBootTestContextBootstrapper : Using TestExecutionListeners: [org.springframework.test.context.web.ServletTestExecutionListener@75c589f2, org.springframework.test.context.support.DirtiesContextBeforeModesTestExecutionListener@6db04a6, org.springframework.test.context.event.ApplicationEventsTestExecutionListener@8f374de, org.springframework.boot.test.mock.mockito.MockitoTestExecutionListener@426913c4, org.springframework.boot.test.autoconfigure.SpringBootDependencyInjectionTestExecutionListener@1bba9862, org.springframework.test.context.support.DirtiesContextTestExecutionListener@451a4187, org.springframework.test.context.event.EventPublishingTestExecutionListener@565c887e, org.springframework.boot.test.autoconfigure.restdocs.RestDocsTestExecutionListener@5c215642, org.springframework.boot.test.autoconfigure.web.client.MockRestServiceServerResetTestExecutionListener@1317ac2c, org.springframework.boot.test.autoconfigure.web.servlet.MockMvcPrintOnlyOnFailureTestExecutionListener@416c1b0, org.springframework.boot.test.autoconfigure.web.servlet.WebDriverTestExecutionListener@363ba634, org.springframework.boot.test.autoconfigure.webservices.client.MockWebServiceServerTestExecutionListener@60fe75f7, org.springframework.boot.test.mock.mockito.ResetMocksTestExecutionListener@4e26c308]
]]></system-out>
  <system-err><![CDATA[]]></system-err>
</testsuite>
