<?xml version="1.0" encoding="UTF-8"?>
<testsuite name="ru.saiushev.testserviceforalphaank.unit.CurrencyServiceTest$RightResponse" tests="1" skipped="0" failures="0" errors="0" timestamp="2021-12-22T19:50:58" hostname="LAPTOP-60NTKH33" time="0.043">
  <properties/>
  <testcase name="200 Status()" classname="ru.saiushev.testserviceforalphaank.unit.CurrencyServiceTest$RightResponse" time="0.043"/>
  <system-out><![CDATA[2021-12-22 22:50:58.437  INFO 14996 --- [    Test worker] .b.t.c.SpringBootTestContextBootstrapper : Neither @ContextConfiguration nor @ContextHierarchy found for test class [ru.saiushev.testserviceforalphaank.unit.CurrencyServiceTest$RightResponse], using SpringBootContextLoader
2021-12-22 22:50:58.442  INFO 14996 --- [    Test worker] o.s.t.c.support.AbstractContextLoader    : Could not detect default resource locations for test class [ru.saiushev.testserviceforalphaank.unit.CurrencyServiceTest$RightResponse]: no resource found for suffixes {-context.xml, Context.groovy}.
2021-12-22 22:50:58.443  INFO 14996 --- [    Test worker] t.c.s.AnnotationConfigContextLoaderUtils : Could not detect default configuration classes for test class [ru.saiushev.testserviceforalphaank.unit.CurrencyServiceTest$RightResponse]: RightResponse does not declare any static, non-private, non-final, nested classes annotated with @Configuration.
2021-12-22 22:50:58.450  INFO 14996 --- [    Test worker] .b.t.c.SpringBootTestContextBootstrapper : Found @SpringBootConfiguration ru.saiushev.testserviceforalphaank.TestServiceForAlphaankApplication for test class ru.saiushev.testserviceforalphaank.unit.CurrencyServiceTest$RightResponse
2021-12-22 22:50:58.458  INFO 14996 --- [    Test worker] .b.t.c.SpringBootTestContextBootstrapper : Loaded default TestExecutionListener class names from location [META-INF/spring.factories]: [org.springframework.boot.test.autoconfigure.restdocs.RestDocsTestExecutionListener, org.springframework.boot.test.autoconfigure.web.client.MockRestServiceServerResetTestExecutionListener, org.springframework.boot.test.autoconfigure.web.servlet.MockMvcPrintOnlyOnFailureTestExecutionListener, org.springframework.boot.test.autoconfigure.web.servlet.WebDriverTestExecutionListener, org.springframework.boot.test.autoconfigure.webservices.client.MockWebServiceServerTestExecutionListener, org.springframework.boot.test.mock.mockito.MockitoTestExecutionListener, org.springframework.boot.test.mock.mockito.ResetMocksTestExecutionListener, org.springframework.test.context.web.ServletTestExecutionListener, org.springframework.test.context.support.DirtiesContextBeforeModesTestExecutionListener, org.springframework.test.context.event.ApplicationEventsTestExecutionListener, org.springframework.test.context.support.DependencyInjectionTestExecutionListener, org.springframework.test.context.support.DirtiesContextTestExecutionListener, org.springframework.test.context.transaction.TransactionalTestExecutionListener, org.springframework.test.context.jdbc.SqlScriptsTestExecutionListener, org.springframework.test.context.event.EventPublishingTestExecutionListener]
2021-12-22 22:50:58.464  INFO 14996 --- [    Test worker] .b.t.c.SpringBootTestContextBootstrapper : Using TestExecutionListeners: [org.springframework.test.context.web.ServletTestExecutionListener@7c6ab057, org.springframework.test.context.support.DirtiesContextBeforeModesTestExecutionListener@7ce4498f, org.springframework.test.context.event.ApplicationEventsTestExecutionListener@1f7557fe, org.springframework.boot.test.mock.mockito.MockitoTestExecutionListener@7bd7d71c, org.springframework.boot.test.autoconfigure.SpringBootDependencyInjectionTestExecutionListener@52963839, org.springframework.test.context.support.DirtiesContextTestExecutionListener@ce0bbd5, org.springframework.test.context.event.EventPublishingTestExecutionListener@399fd710, org.springframework.boot.test.autoconfigure.restdocs.RestDocsTestExecutionListener@7c359808, org.springframework.boot.test.autoconfigure.web.client.MockRestServiceServerResetTestExecutionListener@1f013047, org.springframework.boot.test.autoconfigure.web.servlet.MockMvcPrintOnlyOnFailureTestExecutionListener@16361e61, org.springframework.boot.test.autoconfigure.web.servlet.WebDriverTestExecutionListener@51566ce0, org.springframework.boot.test.autoconfigure.webservices.client.MockWebServiceServerTestExecutionListener@1734b1a, org.springframework.boot.test.mock.mockito.ResetMocksTestExecutionListener@17e6d07b]
]]></system-out>
  <system-err><![CDATA[]]></system-err>
</testsuite>
