<?xml version="1.0" encoding="UTF-8"?>
<testsuite name="ru.saiushev.testserviceforalphaank.unit.CurrencyServiceTest$WrongResponse" tests="2" skipped="0" failures="0" errors="0" timestamp="2021-12-22T19:50:58" hostname="LAPTOP-60NTKH33" time="0.05">
  <properties/>
  <testcase name="404 Status()" classname="ru.saiushev.testserviceforalphaank.unit.CurrencyServiceTest$WrongResponse" time="0.028"/>
  <testcase name="500 Status()" classname="ru.saiushev.testserviceforalphaank.unit.CurrencyServiceTest$WrongResponse" time="0.018"/>
  <system-out><![CDATA[2021-12-22 22:50:58.596  INFO 14996 --- [    Test worker] .b.t.c.SpringBootTestContextBootstrapper : Neither @ContextConfiguration nor @ContextHierarchy found for test class [ru.saiushev.testserviceforalphaank.unit.CurrencyServiceTest$WrongResponse], using SpringBootContextLoader
2021-12-22 22:50:58.601  INFO 14996 --- [    Test worker] o.s.t.c.support.AbstractContextLoader    : Could not detect default resource locations for test class [ru.saiushev.testserviceforalphaank.unit.CurrencyServiceTest$WrongResponse]: no resource found for suffixes {-context.xml, Context.groovy}.
2021-12-22 22:50:58.602  INFO 14996 --- [    Test worker] t.c.s.AnnotationConfigContextLoaderUtils : Could not detect default configuration classes for test class [ru.saiushev.testserviceforalphaank.unit.CurrencyServiceTest$WrongResponse]: WrongResponse does not declare any static, non-private, non-final, nested classes annotated with @Configuration.
2021-12-22 22:50:58.606  INFO 14996 --- [    Test worker] .b.t.c.SpringBootTestContextBootstrapper : Found @SpringBootConfiguration ru.saiushev.testserviceforalphaank.TestServiceForAlphaankApplication for test class ru.saiushev.testserviceforalphaank.unit.CurrencyServiceTest$WrongResponse
2021-12-22 22:50:58.613  INFO 14996 --- [    Test worker] .b.t.c.SpringBootTestContextBootstrapper : Loaded default TestExecutionListener class names from location [META-INF/spring.factories]: [org.springframework.boot.test.autoconfigure.restdocs.RestDocsTestExecutionListener, org.springframework.boot.test.autoconfigure.web.client.MockRestServiceServerResetTestExecutionListener, org.springframework.boot.test.autoconfigure.web.servlet.MockMvcPrintOnlyOnFailureTestExecutionListener, org.springframework.boot.test.autoconfigure.web.servlet.WebDriverTestExecutionListener, org.springframework.boot.test.autoconfigure.webservices.client.MockWebServiceServerTestExecutionListener, org.springframework.boot.test.mock.mockito.MockitoTestExecutionListener, org.springframework.boot.test.mock.mockito.ResetMocksTestExecutionListener, org.springframework.test.context.web.ServletTestExecutionListener, org.springframework.test.context.support.DirtiesContextBeforeModesTestExecutionListener, org.springframework.test.context.event.ApplicationEventsTestExecutionListener, org.springframework.test.context.support.DependencyInjectionTestExecutionListener, org.springframework.test.context.support.DirtiesContextTestExecutionListener, org.springframework.test.context.transaction.TransactionalTestExecutionListener, org.springframework.test.context.jdbc.SqlScriptsTestExecutionListener, org.springframework.test.context.event.EventPublishingTestExecutionListener]
2021-12-22 22:50:58.617  INFO 14996 --- [    Test worker] .b.t.c.SpringBootTestContextBootstrapper : Using TestExecutionListeners: [org.springframework.test.context.web.ServletTestExecutionListener@a302f30, org.springframework.test.context.support.DirtiesContextBeforeModesTestExecutionListener@1860b107, org.springframework.test.context.event.ApplicationEventsTestExecutionListener@744f0e0b, org.springframework.boot.test.mock.mockito.MockitoTestExecutionListener@4136b193, org.springframework.boot.test.autoconfigure.SpringBootDependencyInjectionTestExecutionListener@4af44f2a, org.springframework.test.context.support.DirtiesContextTestExecutionListener@570127fa, org.springframework.test.context.event.EventPublishingTestExecutionListener@5b324447, org.springframework.boot.test.autoconfigure.restdocs.RestDocsTestExecutionListener@2ffcdc9b, org.springframework.boot.test.autoconfigure.web.client.MockRestServiceServerResetTestExecutionListener@47994b51, org.springframework.boot.test.autoconfigure.web.servlet.MockMvcPrintOnlyOnFailureTestExecutionListener@19f99aaf, org.springframework.boot.test.autoconfigure.web.servlet.WebDriverTestExecutionListener@5020e5ab, org.springframework.boot.test.autoconfigure.webservices.client.MockWebServiceServerTestExecutionListener@19f1f330, org.springframework.boot.test.mock.mockito.ResetMocksTestExecutionListener@143fe09c]
]]></system-out>
  <system-err><![CDATA[]]></system-err>
</testsuite>
